#
# A fatal error has been detected by the Java Runtime Environment:
#
#  EXCEPTION_ACCESS_VIOLATION (0xc0000005) at pc=0x00007ff991422778, pid=24360, tid=19076
#
# JRE version: Java(TM) SE Runtime Environment (17.0.6+9) (build 17.0.6+9-LTS-190)
# Java VM: Java HotSpot(TM) 64-Bit Server VM (17.0.6+9-LTS-190, mixed mode, emulated-client, sharing, tiered, compressed oops, compressed class ptrs, g1 gc, windows-amd64)
# Problematic frame:
# V  [jvm.dll+0x3d2778]
#
# No core dump will be written. Minidumps are not enabled by default on client versions of Windows
#
# If you would like to submit a bug report, please visit:
#   https://bugreport.java.com/bugreport/crash.jsp
#

---------------  S U M M A R Y ------------

Command Line: -javaagent:C:\Users\EmersonLas\.gradle\caches\modules-2\files-2.1\io.quarkus\quarkus-class-change-agent\3.3.0\1e91ef2754800bfc0b0e76b90ab79a46ac498084\quarkus-class-change-agent-3.3.0.jar -Dquarkus-internal.serialized-app-model.path=D:\projetos\projetos-java\18\condutores\build\tmp\quarkusDev\quarkus-app-model.dat -Dquarkus-internal-test.serialized-app-model.path=D:\projetos\projetos-java\18\condutores\build\tmp\quarkusDev\quarkus-app-test-model.dat -XX:TieredStopAtLevel=1 -agentlib:jdwp=transport=dt_socket,address=localhost:5005,server=y,suspend=n -Djava.util.logging.manager=org.jboss.logmanager.LogManager D:\projetos\projetos-java\18\condutores\build\condutores-dev.jar

Host: Intel(R) Core(TM) i7-9750H CPU @ 2.60GHz, 12 cores, 31G,  Windows 11 , 64 bit Build 22000 (10.0.22000.2124)
Time: Sun Aug 27 07:45:52 2023 E. South America Standard Time elapsed time: 1.548597 seconds (0d 0h 0m 1s)

---------------  T H R E A D  ---------------

Current thread (0x0000022f43a76bd0):  JavaThread "build-48" [_thread_in_vm, id=19076, stack(0x000000b08ab00000,0x000000b08ac00000)]

Stack: [0x000000b08ab00000,0x000000b08ac00000],  sp=0x000000b08abfd2e0,  free space=1012k
Native frames: (J=compiled Java code, j=interpreted, Vv=VM code, C=native code)
V  [jvm.dll+0x3d2778]
C  [jansi.dll+0x104e]

Java frames: (J=compiled Java code, j=interpreted, Vv=VM code)
j  org.fusesource.jansi.internal.CLibrary.init()V+0
j  org.fusesource.jansi.internal.CLibrary.<clinit>()V+12
v  ~StubRoutines::call_stub
j  org.fusesource.jansi.AnsiConsole.ansiStream(Z)Lorg/fusesource/jansi/AnsiPrintStream;+62
j  org.fusesource.jansi.AnsiConsole.initStreams()V+7
j  org.fusesource.jansi.AnsiConsole.out()Lorg/fusesource/jansi/AnsiPrintStream;+0
j  org.aesh.readline.terminal.impl.WinSysTerminal.<init>(Ljava/lang/String;ZLorg/aesh/terminal/Terminal$SignalHandler;)V+4
j  org.aesh.readline.terminal.impl.WinSysTerminal.<init>(Ljava/lang/String;Z)V+6
j  org.aesh.readline.terminal.TerminalBuilder.createWindowsTerminal(Ljava/lang/String;)Lorg/aesh/terminal/Terminal;+15
j  org.aesh.readline.terminal.TerminalBuilder.build()Lorg/aesh/terminal/Terminal;+125
j  org.aesh.readline.tty.terminal.TerminalConnection.<init>(Ljava/nio/charset/Charset;Ljava/nio/charset/Charset;Ljava/io/InputStream;Ljava/io/OutputStream;Ljava/util/function/Consumer;)V+85
j  org.aesh.readline.tty.terminal.TerminalConnection.<init>(Ljava/util/function/Consumer;)V+14
j  io.quarkus.deployment.console.ConsoleHelper.installConsole(Lio/quarkus/deployment/dev/testing/TestConfig;Lio/quarkus/deployment/console/ConsoleConfig;Lio/quarkus/runtime/console/ConsoleRuntimeConfig;Lio/quarkus/runtime/logging/ConsoleConfig;Z)V+95
j  io.quarkus.deployment.console.ConsoleProcessor.setupConsole(Lio/quarkus/deployment/dev/testing/TestConfig;Lio/quarkus/deployment/annotations/BuildProducer;Lio/quarkus/deployment/builditem/LaunchModeBuildItem;Lio/quarkus/deployment/console/ConsoleConfig;)Lio/quarkus/deployment/console/ConsoleInstalledBuildItem;+101
v  ~StubRoutines::call_stub
j  jdk.internal.reflect.NativeMethodAccessorImpl.invoke0(Ljava/lang/reflect/Method;Ljava/lang/Object;[Ljava/lang/Object;)Ljava/lang/Object;+0 java.base@17.0.6
j  jdk.internal.reflect.NativeMethodAccessorImpl.invoke(Ljava/lang/Object;[Ljava/lang/Object;)Ljava/lang/Object;+133 java.base@17.0.6
J 806 c1 jdk.internal.reflect.DelegatingMethodAccessorImpl.invoke(Ljava/lang/Object;[Ljava/lang/Object;)Ljava/lang/Object; java.base@17.0.6 (10 bytes) @ 0x0000022f2775af84 [0x0000022f2775af20+0x0000000000000064]
J 805 c1 java.lang.reflect.Method.invoke(Ljava/lang/Object;[Ljava/lang/Object;)Ljava/lang/Object; java.base@17.0.6 (65 bytes) @ 0x0000022f2775b38c [0x0000022f2775b260+0x000000000000012c]
j  io.quarkus.deployment.ExtensionLoader$3.execute(Lio/quarkus/builder/BuildContext;)V+265
j  io.quarkus.builder.BuildContext.run()V+70
j  io.quarkus.builder.BuildContext$$Lambda$245+0x0000000800dda4c0.run()V+4
j  org.jboss.threads.ContextHandler$1.runWith(Ljava/lang/Runnable;Ljava/lang/Object;)V+1
j  org.jboss.threads.EnhancedQueueExecutor$Task.run()V+67
j  org.jboss.threads.EnhancedQueueExecutor$ThreadBody.run()V+33
j  java.lang.Thread.run()V+11 java.base@17.0.6
j  org.jboss.threads.JBossThread.run()V+12
v  ~StubRoutines::call_stub

siginfo: EXCEPTION_ACCESS_VIOLATION (0xc0000005), reading address 0x0000000000000000


Register to memory mapping:

RIP=0x00007ff991422778 jvm.dll
RAX=0x0 is NULL
RBX=0x0000022f43a76bd0 is a thread
RCX=0xed29d8787e190000 is an unknown value
RDX=0x000000b08abfd400 is pointing into the stack for thread: 0x0000022f43a76bd0
RSP=0x000000b08abfd2e0 is pointing into the stack for thread: 0x0000022f43a76bd0
RBP=0x0 is NULL
RSI=0x0 is NULL
RDI=0x0 is NULL
R8 =0x0 is NULL
R9 =0x0 is NULL
R10=0x0000000000000039 is an unknown value
R11=0x000000b08abfd2d8 is pointing into the stack for thread: 0x0000022f43a76bd0
R12=0x0 is NULL
R13={method} {0x0000022f43700f88} 'init' '()V' in 'org/fusesource/jansi/internal/CLibrary'
R14=0x000000b08abfd408 is pointing into the stack for thread: 0x0000022f43a76bd0
R15=0x0000022f43a76bd0 is a thread


Registers:
RAX=0x0000000000000000, RBX=0x0000022f43a76bd0, RCX=0xed29d8787e190000, RDX=0x000000b08abfd400
RSP=0x000000b08abfd2e0, RBP=0x0000000000000000, RSI=0x0000000000000000, RDI=0x0000000000000000
R8 =0x0000000000000000, R9 =0x0000000000000000, R10=0x0000000000000039, R11=0x000000b08abfd2d8
R12=0x0000000000000000, R13=0x0000022f43700f80, R14=0x000000b08abfd408, R15=0x0000022f43a76bd0
RIP=0x00007ff991422778, EFLAGS=0x0000000000010246

Top of Stack: (sp=0x000000b08abfd2e0)
0x000000b08abfd2e0:   0000022f43a76bd0 0000000000000000
0x000000b08abfd2f0:   000000b08abfd808 0000022f43a76bd0
0x000000b08abfd300:   0000000000000000 00007ff9913cd3f2
0x000000b08abfd310:   000000b08abfd800 000000000000001d
0x000000b08abfd320:   0000022f43a76bd0 0000022f43a15658
0x000000b08abfd330:   0000022f000007c1 00007ff991957cd0
0x000000b08abfd340:   000000b08abfd400 00007ffa17d2104e
0x000000b08abfd350:   0000022f485029f4 00007ff991aea650
0x000000b08abfd360:   000000b08abfd3f0 0000022f43a76e78
0x000000b08abfd370:   000000b08abfd808 0000022f27370dcd
0x000000b08abfd380:   0000022f43700f80 000000b08abfd800
0x000000b08abfd390:   0000000000000000 0000000000000001
0x000000b08abfd3a0:   0000022f273706dd 000000b08abfd3a8
0x000000b08abfd3b0:   0000022f43700f80 000000b08abfd408
0x000000b08abfd3c0:   0000022f43702038 0000000000000000
0x000000b08abfd3d0:   000000061bd48a88 0000022f43700f80 

Instructions: (pc=0x00007ff991422778)
0x00007ff991422678:   24 60 90 49 8b 6b 20 49 8b 73 28 c7 83 38 03 00
0x00007ff991422688:   00 04 00 00 00 49 8b 5b 18 49 8b e3 5f c3 cc cc
0x00007ff991422698:   cc cc cc cc cc cc cc cc 48 89 5c 24 10 48 89 6c
0x00007ff9914226a8:   24 18 48 89 74 24 20 57 48 83 ec 60 8b 81 b8 00
0x00007ff9914226b8:   00 00 48 8d 99 58 fd ff ff 05 55 21 ff ff 33 ff
0x00007ff9914226c8:   41 8b e9 49 8b f0 83 f8 01 76 0a 48 8b cb e8 c5
0x00007ff9914226d8:   f2 3a 00 8b df c7 83 38 03 00 00 05 00 00 00 e8
0x00007ff9914226e8:   b4 20 29 00 90 48 8b 83 40 03 00 00 a8 01 74 0a
0x00007ff9914226f8:   b2 01 48 8b cb e8 0e 1c 30 00 39 bb 2c 03 00 00
0x00007ff991422708:   75 0a 8b 83 28 03 00 00 a8 0c 74 0a 33 d2 48 8b
0x00007ff991422718:   cb e8 62 1a 3b 00 c7 83 38 03 00 00 06 00 00 00
0x00007ff991422728:   48 89 5c 24 40 48 89 7c 24 48 48 39 7b 08 74 0a
0x00007ff991422738:   48 8d 4c 24 40 e8 6e ba 2c 00 40 38 3d 82 1f 73
0x00007ff991422748:   00 74 2d 4c 8b 0e 48 8d 44 24 70 48 89 44 24 38
0x00007ff991422758:   45 33 c0 c6 44 24 30 49 33 d2 c6 44 24 28 01 48
0x00007ff991422768:   8b cb 48 89 74 24 20 89 6c 24 70 e8 48 3f 14 00
0x00007ff991422778:   48 8b 06 48 8b 48 70 48 85 c9 74 09 ff 15 96 d8
0x00007ff991422788:   6b 00 48 8b f8 48 63 4e 10 89 2c 0f 48 83 7c 24
0x00007ff991422798:   48 00 74 0a 48 8d 4c 24 40 e8 aa ba 2c 00 48 8b
0x00007ff9914227a8:   bb e8 00 00 00 48 8b 47 10 48 83 38 00 74 08 48
0x00007ff9914227b8:   8b cf e8 f1 3b f7 ff 48 8b 4f 08 48 8b d3 48 8b
0x00007ff9914227c8:   47 10 48 89 41 10 48 8b 4f 08 48 8b 47 18 48 89
0x00007ff9914227d8:   41 18 48 8b 4f 08 48 8b 47 20 48 89 41 20 48 8d
0x00007ff9914227e8:   8b 88 02 00 00 e8 be 35 ef ff 4c 8d 5c 24 60 90
0x00007ff9914227f8:   49 8b 6b 20 49 8b 73 28 c7 83 38 03 00 00 04 00
0x00007ff991422808:   00 00 49 8b 5b 18 49 8b e3 5f c3 cc cc cc cc cc
0x00007ff991422818:   cc cc cc cc cc cc cc cc 48 89 5c 24 10 48 89 6c
0x00007ff991422828:   24 18 48 89 74 24 20 57 48 83 ec 60 8b 81 b8 00
0x00007ff991422838:   00 00 48 8d 99 58 fd ff ff 05 55 21 ff ff 33 ff
0x00007ff991422848:   49 8b e9 49 8b f0 83 f8 01 76 0a 48 8b cb e8 45
0x00007ff991422858:   f1 3a 00 8b df c7 83 38 03 00 00 05 00 00 00 e8
0x00007ff991422868:   34 1f 29 00 90 48 8b 83 40 03 00 00 a8 01 74 0a 


Stack slot to memory mapping:
stack at sp + 0 slots: 0x0000022f43a76bd0 is a thread
stack at sp + 1 slots: 0x0 is NULL
stack at sp + 2 slots: 0x000000b08abfd808 is pointing into the stack for thread: 0x0000022f43a76bd0
stack at sp + 3 slots: 0x0000022f43a76bd0 is a thread
stack at sp + 4 slots: 0x0 is NULL
stack at sp + 5 slots: 0x00007ff9913cd3f2 jvm.dll
stack at sp + 6 slots: 0x000000b08abfd800 is pointing into the stack for thread: 0x0000022f43a76bd0
stack at sp + 7 slots: 0x000000000000001d is an unknown value


---------------  P R O C E S S  ---------------

Threads class SMR info:
_java_thread_list=0x0000022f43ad94d0, length=96, elements={
0x0000022f1fad5cf0, 0x0000022f40276880, 0x0000022f40277140, 0x0000022f4028fb10,
0x0000022f402903d0, 0x0000022f40290c90, 0x0000022f40291550, 0x0000022f40291ec0,
0x0000022f402927c0, 0x0000022f40260ec0, 0x0000022f40383cc0, 0x0000022f4038a2a0,
0x0000022f410fbc70, 0x0000022f410fdd10, 0x0000022f41102520, 0x0000022f41280740,
0x0000022f42092eb0, 0x0000022f403d8cb0, 0x0000022f425978d0, 0x0000022f426029a0,
0x0000022f423c0260, 0x0000022f424ef240, 0x0000022f424efbe0, 0x0000022f424f0f20,
0x0000022f424f00b0, 0x0000022f424f0580, 0x0000022f424f0a50, 0x0000022f424f13f0,
0x0000022f424f18c0, 0x0000022f424f1d90, 0x0000022f424f2260, 0x0000022f424f2730,
0x0000022f424f2c00, 0x0000022f424ef710, 0x0000022f42bca2e0, 0x0000022f42bc6df0,
0x0000022f42bc42a0, 0x0000022f42bc4770, 0x0000022f42bc8ad0, 0x0000022f42bc3dd0,
0x0000022f42bc9e10, 0x0000022f42bc7c60, 0x0000022f42bc5110, 0x0000022f42bc7790,
0x0000022f42bc4c40, 0x0000022f42bc55e0, 0x0000022f42bc8fa0, 0x0000022f42bc5ab0,
0x0000022f42bca7b0, 0x0000022f42bc9470, 0x0000022f42bc5f80, 0x0000022f42bc9940,
0x0000022f42bc6450, 0x0000022f42bc6920, 0x0000022f42bc72c0, 0x0000022f42bcac80,
0x0000022f42bc8130, 0x0000022f42bc8600, 0x0000022f42bcb150, 0x0000022f42bc3900,
0x0000022f43a77570, 0x0000022f43a77a40, 0x0000022f43a788b0, 0x0000022f43a723a0,
0x0000022f43a76bd0, 0x0000022f43a75890, 0x0000022f43a73bb0, 0x0000022f43a71060,
0x0000022f43a73210, 0x0000022f43a77f10, 0x0000022f43a72870, 0x0000022f43a736e0,
0x0000022f43a74550, 0x0000022f43a74080, 0x0000022f43a74a20, 0x0000022f43a74ef0,
0x0000022f43a770a0, 0x0000022f43a75d60, 0x0000022f43a753c0, 0x0000022f43a76700,
0x0000022f43a76230, 0x0000022f43a783e0, 0x0000022f43a71530, 0x0000022f43a71a00,
0x0000022f43a71ed0, 0x0000022f43b6bcb0, 0x0000022f43b6b310, 0x0000022f43b70e80,
0x0000022f43b70010, 0x0000022f43b6b7e0, 0x0000022f43b6f1a0, 0x0000022f43b6cb20,
0x0000022f43b704e0, 0x0000022f43b6a970, 0x0000022f43b71820, 0x0000022f43b6c180
}

Java Threads: ( => current thread )
  0x0000022f1fad5cf0 JavaThread "main" [_thread_blocked, id=7560, stack(0x000000b085700000,0x000000b085800000)]
  0x0000022f40276880 JavaThread "Reference Handler" daemon [_thread_blocked, id=25256, stack(0x000000b085e00000,0x000000b085f00000)]
  0x0000022f40277140 JavaThread "Finalizer" daemon [_thread_blocked, id=24020, stack(0x000000b085f00000,0x000000b086000000)]
  0x0000022f4028fb10 JavaThread "Signal Dispatcher" daemon [_thread_blocked, id=11432, stack(0x000000b086000000,0x000000b086100000)]
  0x0000022f402903d0 JavaThread "Attach Listener" daemon [_thread_blocked, id=17992, stack(0x000000b086100000,0x000000b086200000)]
  0x0000022f40290c90 JavaThread "Service Thread" daemon [_thread_blocked, id=12968, stack(0x000000b086200000,0x000000b086300000)]
  0x0000022f40291550 JavaThread "Monitor Deflation Thread" daemon [_thread_blocked, id=11636, stack(0x000000b086300000,0x000000b086400000)]
  0x0000022f40291ec0 JavaThread "C1 CompilerThread0" daemon [_thread_blocked, id=31208, stack(0x000000b086400000,0x000000b086500000)]
  0x0000022f402927c0 JavaThread "Sweeper thread" daemon [_thread_blocked, id=23692, stack(0x000000b086500000,0x000000b086600000)]
  0x0000022f40260ec0 JavaThread "Common-Cleaner" daemon [_thread_blocked, id=30704, stack(0x000000b086600000,0x000000b086700000)]
  0x0000022f40383cc0 JavaThread "C1 CompilerThread1" daemon [_thread_in_vm, id=30760, stack(0x000000b086700000,0x000000b086800000)]
  0x0000022f4038a2a0 JavaThread "C1 CompilerThread2" daemon [_thread_in_native, id=31736, stack(0x000000b086800000,0x000000b086900000)]
  0x0000022f410fbc70 JavaThread "JDWP Transport Listener: dt_socket" daemon [_thread_in_native, id=18240, stack(0x000000b086900000,0x000000b086a00000)]
  0x0000022f410fdd10 JavaThread "JDWP Event Helper Thread" daemon [_thread_blocked, id=29392, stack(0x000000b086a00000,0x000000b086b00000)]
  0x0000022f41102520 JavaThread "Notification Thread" daemon [_thread_blocked, id=23792, stack(0x000000b086b00000,0x000000b086c00000)]
  0x0000022f41280740 JavaThread "C1 CompilerThread3" daemon [_thread_blocked, id=2344, stack(0x000000b086d00000,0x000000b086e00000)]
  0x0000022f42092eb0 JavaThread "Quarkus Devmode keep alive thread" [_thread_blocked, id=19744, stack(0x000000b087700000,0x000000b087800000)]
  0x0000022f403d8cb0 JavaThread "ForkJoinPool.commonPool-worker-1" daemon [_thread_blocked, id=4028, stack(0x000000b087b00000,0x000000b087c00000)]
  0x0000022f425978d0 JavaThread "build-2" [_thread_blocked, id=23536, stack(0x000000b087d00000,0x000000b087e00000)]
  0x0000022f426029a0 JavaThread "build-3" [_thread_blocked, id=16420, stack(0x000000b087e00000,0x000000b087f00000)]
  0x0000022f423c0260 JavaThread "build-4" [_thread_blocked, id=12088, stack(0x000000b087f00000,0x000000b088000000)]
  0x0000022f424ef240 JavaThread "build-5" [_thread_blocked, id=31188, stack(0x000000b088000000,0x000000b088100000)]
  0x0000022f424efbe0 JavaThread "build-6" [_thread_blocked, id=13576, stack(0x000000b088100000,0x000000b088200000)]
  0x0000022f424f0f20 JavaThread "build-7" [_thread_blocked, id=22764, stack(0x000000b088200000,0x000000b088300000)]
  0x0000022f424f00b0 JavaThread "build-8" [_thread_blocked, id=2636, stack(0x000000b088300000,0x000000b088400000)]
  0x0000022f424f0580 JavaThread "build-9" [_thread_blocked, id=28744, stack(0x000000b088400000,0x000000b088500000)]
  0x0000022f424f0a50 JavaThread "build-10" [_thread_blocked, id=14608, stack(0x000000b088500000,0x000000b088600000)]
  0x0000022f424f13f0 JavaThread "build-11" [_thread_blocked, id=24640, stack(0x000000b088600000,0x000000b088700000)]
  0x0000022f424f18c0 JavaThread "build-12" [_thread_blocked, id=21612, stack(0x000000b088700000,0x000000b088800000)]
  0x0000022f424f1d90 JavaThread "build-13" [_thread_blocked, id=31008, stack(0x000000b088800000,0x000000b088900000)]
  0x0000022f424f2260 JavaThread "build-14" [_thread_blocked, id=31520, stack(0x000000b088900000,0x000000b088a00000)]
  0x0000022f424f2730 JavaThread "build-15" [_thread_blocked, id=30788, stack(0x000000b088a00000,0x000000b088b00000)]
  0x0000022f424f2c00 JavaThread "build-16" [_thread_blocked, id=9628, stack(0x000000b088b00000,0x000000b088c00000)]
  0x0000022f424ef710 JavaThread "build-17" [_thread_blocked, id=25440, stack(0x000000b088c00000,0x000000b088d00000)]
  0x0000022f42bca2e0 JavaThread "build-18" [_thread_blocked, id=29724, stack(0x000000b088d00000,0x000000b088e00000)]
  0x0000022f42bc6df0 JavaThread "build-19" [_thread_blocked, id=18388, stack(0x000000b088e00000,0x000000b088f00000)]
  0x0000022f42bc42a0 JavaThread "build-20" [_thread_blocked, id=2252, stack(0x000000b088f00000,0x000000b089000000)]
  0x0000022f42bc4770 JavaThread "build-21" [_thread_blocked, id=29460, stack(0x000000b089000000,0x000000b089100000)]
  0x0000022f42bc8ad0 JavaThread "build-22" [_thread_blocked, id=19572, stack(0x000000b089100000,0x000000b089200000)]
  0x0000022f42bc3dd0 JavaThread "build-23" [_thread_blocked, id=24792, stack(0x000000b089200000,0x000000b089300000)]
  0x0000022f42bc9e10 JavaThread "build-24" [_thread_blocked, id=24624, stack(0x000000b089300000,0x000000b089400000)]
  0x0000022f42bc7c60 JavaThread "build-25" [_thread_in_vm, id=4420, stack(0x000000b089400000,0x000000b089500000)]
  0x0000022f42bc5110 JavaThread "build-26" [_thread_blocked, id=20632, stack(0x000000b089500000,0x000000b089600000)]
  0x0000022f42bc7790 JavaThread "build-27" [_thread_in_vm, id=24372, stack(0x000000b089600000,0x000000b089700000)]
  0x0000022f42bc4c40 JavaThread "build-28" [_thread_blocked, id=3600, stack(0x000000b089700000,0x000000b089800000)]
  0x0000022f42bc55e0 JavaThread "build-29" [_thread_blocked, id=27576, stack(0x000000b089800000,0x000000b089900000)]
  0x0000022f42bc8fa0 JavaThread "build-30" [_thread_blocked, id=27684, stack(0x000000b089900000,0x000000b089a00000)]
  0x0000022f42bc5ab0 JavaThread "build-31" [_thread_blocked, id=27900, stack(0x000000b089a00000,0x000000b089b00000)]
  0x0000022f42bca7b0 JavaThread "build-32" [_thread_blocked, id=25016, stack(0x000000b089b00000,0x000000b089c00000)]
  0x0000022f42bc9470 JavaThread "build-33" [_thread_blocked, id=30032, stack(0x000000b089c00000,0x000000b089d00000)]
  0x0000022f42bc5f80 JavaThread "build-34" [_thread_blocked, id=6224, stack(0x000000b089d00000,0x000000b089e00000)]
  0x0000022f42bc9940 JavaThread "build-35" [_thread_blocked, id=27756, stack(0x000000b089e00000,0x000000b089f00000)]
  0x0000022f42bc6450 JavaThread "build-36" [_thread_blocked, id=18280, stack(0x000000b089f00000,0x000000b08a000000)]
  0x0000022f42bc6920 JavaThread "build-37" [_thread_blocked, id=28572, stack(0x000000b08a000000,0x000000b08a100000)]
  0x0000022f42bc72c0 JavaThread "build-39" [_thread_blocked, id=7508, stack(0x000000b08a100000,0x000000b08a200000)]
  0x0000022f42bcac80 JavaThread "build-38" [_thread_blocked, id=27276, stack(0x000000b08a200000,0x000000b08a300000)]
  0x0000022f42bc8130 JavaThread "build-40" [_thread_blocked, id=3112, stack(0x000000b08a300000,0x000000b08a400000)]
  0x0000022f42bc8600 JavaThread "build-41" [_thread_blocked, id=19144, stack(0x000000b08a400000,0x000000b08a500000)]
  0x0000022f42bcb150 JavaThread "build-42" [_thread_blocked, id=20300, stack(0x000000b08a500000,0x000000b08a600000)]
  0x0000022f42bc3900 JavaThread "build-43" [_thread_blocked, id=2928, stack(0x000000b08a600000,0x000000b08a700000)]
  0x0000022f43a77570 JavaThread "build-44" [_thread_blocked, id=18924, stack(0x000000b08a700000,0x000000b08a800000)]
  0x0000022f43a77a40 JavaThread "build-46" [_thread_blocked, id=7536, stack(0x000000b08a800000,0x000000b08a900000)]
  0x0000022f43a788b0 JavaThread "build-45" [_thread_blocked, id=16244, stack(0x000000b08a900000,0x000000b08aa00000)]
  0x0000022f43a723a0 JavaThread "build-47" [_thread_blocked, id=17656, stack(0x000000b08aa00000,0x000000b08ab00000)]
=>0x0000022f43a76bd0 JavaThread "build-48" [_thread_in_vm, id=19076, stack(0x000000b08ab00000,0x000000b08ac00000)]
  0x0000022f43a75890 JavaThread "build-49" [_thread_blocked, id=25920, stack(0x000000b08ac00000,0x000000b08ad00000)]
  0x0000022f43a73bb0 JavaThread "build-50" [_thread_blocked, id=25996, stack(0x000000b08ad00000,0x000000b08ae00000)]
  0x0000022f43a71060 JavaThread "build-51" [_thread_blocked, id=28244, stack(0x000000b08ae00000,0x000000b08af00000)]
  0x0000022f43a73210 JavaThread "build-52" [_thread_blocked, id=18004, stack(0x000000b08af00000,0x000000b08b000000)]
  0x0000022f43a77f10 JavaThread "build-53" [_thread_blocked, id=25588, stack(0x000000b08b000000,0x000000b08b100000)]
  0x0000022f43a72870 JavaThread "build-54" [_thread_blocked, id=26396, stack(0x000000b08b100000,0x000000b08b200000)]
  0x0000022f43a736e0 JavaThread "build-55" [_thread_blocked, id=14736, stack(0x000000b08b200000,0x000000b08b300000)]
  0x0000022f43a74550 JavaThread "build-56" [_thread_blocked, id=31016, stack(0x000000b08b300000,0x000000b08b400000)]
  0x0000022f43a74080 JavaThread "build-57" [_thread_blocked, id=11304, stack(0x000000b08b400000,0x000000b08b500000)]
  0x0000022f43a74a20 JavaThread "build-58" [_thread_blocked, id=28688, stack(0x000000b08b500000,0x000000b08b600000)]
  0x0000022f43a74ef0 JavaThread "build-59" [_thread_blocked, id=18584, stack(0x000000b08b600000,0x000000b08b700000)]
  0x0000022f43a770a0 JavaThread "build-60" [_thread_blocked, id=15508, stack(0x000000b08b700000,0x000000b08b800000)]
  0x0000022f43a75d60 JavaThread "build-61" [_thread_blocked, id=25148, stack(0x000000b08b800000,0x000000b08b900000)]
  0x0000022f43a753c0 JavaThread "build-62" [_thread_blocked, id=21956, stack(0x000000b08b900000,0x000000b08ba00000)]
  0x0000022f43a76700 JavaThread "build-63" [_thread_blocked, id=26572, stack(0x000000b08ba00000,0x000000b08bb00000)]
  0x0000022f43a76230 JavaThread "build-64" [_thread_blocked, id=26412, stack(0x000000b08bb00000,0x000000b08bc00000)]
  0x0000022f43a783e0 JavaThread "build-65" [_thread_blocked, id=22156, stack(0x000000b08bc00000,0x000000b08bd00000)]
  0x0000022f43a71530 JavaThread "build-66" [_thread_blocked, id=31296, stack(0x000000b08bd00000,0x000000b08be00000)]
  0x0000022f43a71a00 JavaThread "build-67" [_thread_blocked, id=29896, stack(0x000000b08be00000,0x000000b08bf00000)]
  0x0000022f43a71ed0 JavaThread "build-68" [_thread_blocked, id=9584, stack(0x000000b08bf00000,0x000000b08c000000)]
  0x0000022f43b6bcb0 JavaThread "build-69" [_thread_blocked, id=29032, stack(0x000000b08c000000,0x000000b08c100000)]
  0x0000022f43b6b310 JavaThread "build-70" [_thread_blocked, id=25724, stack(0x000000b08c100000,0x000000b08c200000)]
  0x0000022f43b70e80 JavaThread "build-71" [_thread_blocked, id=20008, stack(0x000000b08c200000,0x000000b08c300000)]
  0x0000022f43b70010 JavaThread "build-72" [_thread_blocked, id=31216, stack(0x000000b08c300000,0x000000b08c400000)]
  0x0000022f43b6b7e0 JavaThread "build-73" [_thread_blocked, id=18172, stack(0x000000b08c400000,0x000000b08c500000)]
  0x0000022f43b6f1a0 JavaThread "build-74" [_thread_blocked, id=3508, stack(0x000000b08c500000,0x000000b08c600000)]
  0x0000022f43b6cb20 JavaThread "build-75" [_thread_blocked, id=30840, stack(0x000000b08c600000,0x000000b08c700000)]
  0x0000022f43b704e0 JavaThread "build-76" [_thread_blocked, id=30412, stack(0x000000b08c700000,0x000000b08c800000)]
  0x0000022f43b6a970 JavaThread "build-77" [_thread_blocked, id=17944, stack(0x000000b08c800000,0x000000b08c900000)]
  0x0000022f43b71820 JavaThread "build-78" [_thread_blocked, id=24664, stack(0x000000b08c900000,0x000000b08ca00000)]
  0x0000022f43b6c180 JavaThread "build-79" [_thread_blocked, id=23280, stack(0x000000b08ca00000,0x000000b08cb00000)]

Other Threads:
  0x0000022f40271fd0 VMThread "VM Thread" [stack: 0x000000b085d00000,0x000000b085e00000] [id=5496]
  0x0000022f1fb9f050 WatcherThread [stack: 0x000000b086c00000,0x000000b086d00000] [id=24808]
  0x0000022f1fb857b0 GCTaskThread "GC Thread#0" [stack: 0x000000b085800000,0x000000b085900000] [id=8492]
  0x0000022f412ec2a0 GCTaskThread "GC Thread#1" [stack: 0x000000b086e00000,0x000000b086f00000] [id=9144]
  0x0000022f412ebd40 GCTaskThread "GC Thread#2" [stack: 0x000000b086f00000,0x000000b087000000] [id=27516]
  0x0000022f412eafd0 GCTaskThread "GC Thread#3" [stack: 0x000000b087000000,0x000000b087100000] [id=30732]
  0x0000022f412eb280 GCTaskThread "GC Thread#4" [stack: 0x000000b087100000,0x000000b087200000] [id=28080]
  0x0000022f412ec550 GCTaskThread "GC Thread#5" [stack: 0x000000b087200000,0x000000b087300000] [id=140]
  0x0000022f412ecab0 GCTaskThread "GC Thread#6" [stack: 0x000000b087300000,0x000000b087400000] [id=29244]
  0x0000022f412ebff0 GCTaskThread "GC Thread#7" [stack: 0x000000b087400000,0x000000b087500000] [id=29656]
  0x0000022f412ec800 GCTaskThread "GC Thread#8" [stack: 0x000000b087500000,0x000000b087600000] [id=27268]
  0x0000022f412eba90 GCTaskThread "GC Thread#9" [stack: 0x000000b087600000,0x000000b087700000] [id=22896]
  0x0000022f1fb96520 ConcurrentGCThread "G1 Main Marker" [stack: 0x000000b085900000,0x000000b085a00000] [id=16912]
  0x0000022f1fb974e0 ConcurrentGCThread "G1 Conc#0" [stack: 0x000000b085a00000,0x000000b085b00000] [id=12028]
  0x0000022f3fbc8dc0 ConcurrentGCThread "G1 Refine#0" [stack: 0x000000b085b00000,0x000000b085c00000] [id=6576]
  0x0000022f420ade60 ConcurrentGCThread "G1 Refine#1" [stack: 0x000000b087800000,0x000000b087900000] [id=29424]
  0x0000022f420ae570 ConcurrentGCThread "G1 Refine#2" [stack: 0x000000b087900000,0x000000b087a00000] [id=24252]
  0x0000022f420ae850 ConcurrentGCThread "G1 Refine#3" [stack: 0x000000b087a00000,0x000000b087b00000] [id=10536]
  0x0000022f42623890 ConcurrentGCThread "G1 Refine#4" [stack: 0x000000b087c00000,0x000000b087d00000] [id=16388]
  0x0000022f3fbca4a0 ConcurrentGCThread "G1 Service" [stack: 0x000000b085c00000,0x000000b085d00000] [id=9132]

Threads with active compile tasks:

VM state: not at safepoint (normal execution)

VM Mutex/Monitor currently owned by a thread: None

Heap address: 0x0000000602800000, size: 8152 MB, Compressed Oops mode: Zero based, Oop shift amount: 3

CDS archive(s) mapped at: [0x0000000800000000-0x0000000800bd0000-0x0000000800bd0000), size 12386304, SharedBaseAddress: 0x0000000800000000, ArchiveRelocationMode: 0.
Compressed class space mapped at: 0x0000000800c00000-0x0000000840c00000, reserved size: 1073741824
Narrow klass base: 0x0000000800000000, Narrow klass shift: 0, Narrow klass range: 0x100000000

GC Precious Log:
 CPUs: 12 total, 12 available
 Memory: 32605M
 Large Page Support: Disabled
 NUMA Support: Disabled
 Compressed Oops: Enabled (Zero based)
 Heap Region Size: 4M
 Heap Min Capacity: 8M
 Heap Initial Capacity: 512M
 Heap Max Capacity: 8152M
 Pre-touch: Disabled
 Parallel Workers: 10
 Concurrent Workers: 3
 Concurrent Refinement Workers: 10
 Periodic GC: Disabled

Heap:
 garbage-first heap   total 524288K, used 134259K [0x0000000602800000, 0x0000000800000000)
  region size 4096K, 28 young (114688K), 2 survivors (8192K)
 Metaspace       used 17591K, committed 18048K, reserved 1064960K
  class space    used 2456K, committed 2688K, reserved 1048576K

Heap Regions: E=young(eden), S=young(survivor), O=old, HS=humongous(starts), HC=humongous(continues), CS=collection set, F=free, OA=open archive, CA=closed archive, TAMS=top-at-mark-start (previous, next)
|   0|0x0000000602800000, 0x0000000602c00000, 0x0000000602c00000|100%| O|  |TAMS 0x0000000602800000, 0x0000000602800000| Untracked 
|   1|0x0000000602c00000, 0x0000000603000000, 0x0000000603000000|100%| O|  |TAMS 0x0000000602c00000, 0x0000000602c00000| Untracked 
|   2|0x0000000603000000, 0x0000000603400000, 0x0000000603400000|100%| O|  |TAMS 0x0000000603000000, 0x0000000603000000| Untracked 
|   3|0x0000000603400000, 0x0000000603800000, 0x0000000603800000|100%| O|  |TAMS 0x0000000603400000, 0x0000000603400000| Untracked 
|   4|0x0000000603800000, 0x0000000603c00000, 0x0000000603c00000|100%| O|  |TAMS 0x0000000603800000, 0x0000000603800000| Untracked 
|   5|0x0000000603c00000, 0x0000000603f1ce00, 0x0000000604000000| 77%| O|  |TAMS 0x0000000603c00000, 0x0000000603c00000| Untracked 
|   6|0x0000000604000000, 0x0000000604000000, 0x0000000604400000|  0%| F|  |TAMS 0x0000000604000000, 0x0000000604000000| Untracked 
|   7|0x0000000604400000, 0x0000000604400000, 0x0000000604800000|  0%| F|  |TAMS 0x0000000604400000, 0x0000000604400000| Untracked 
|   8|0x0000000604800000, 0x0000000604800000, 0x0000000604c00000|  0%| F|  |TAMS 0x0000000604800000, 0x0000000604800000| Untracked 
|   9|0x0000000604c00000, 0x0000000604c00000, 0x0000000605000000|  0%| F|  |TAMS 0x0000000604c00000, 0x0000000604c00000| Untracked 
|  10|0x0000000605000000, 0x0000000605000000, 0x0000000605400000|  0%| F|  |TAMS 0x0000000605000000, 0x0000000605000000| Untracked 
|  11|0x0000000605400000, 0x0000000605400000, 0x0000000605800000|  0%| F|  |TAMS 0x0000000605400000, 0x0000000605400000| Untracked 
|  12|0x0000000605800000, 0x0000000605800000, 0x0000000605c00000|  0%| F|  |TAMS 0x0000000605800000, 0x0000000605800000| Untracked 
|  13|0x0000000605c00000, 0x0000000605c00000, 0x0000000606000000|  0%| F|  |TAMS 0x0000000605c00000, 0x0000000605c00000| Untracked 
|  14|0x0000000606000000, 0x0000000606000000, 0x0000000606400000|  0%| F|  |TAMS 0x0000000606000000, 0x0000000606000000| Untracked 
|  15|0x0000000606400000, 0x0000000606400000, 0x0000000606800000|  0%| F|  |TAMS 0x0000000606400000, 0x0000000606400000| Untracked 
|  16|0x0000000606800000, 0x0000000606800000, 0x0000000606c00000|  0%| F|  |TAMS 0x0000000606800000, 0x0000000606800000| Untracked 
|  17|0x0000000606c00000, 0x0000000606c00000, 0x0000000607000000|  0%| F|  |TAMS 0x0000000606c00000, 0x0000000606c00000| Untracked 
|  18|0x0000000607000000, 0x0000000607000000, 0x0000000607400000|  0%| F|  |TAMS 0x0000000607000000, 0x0000000607000000| Untracked 
|  19|0x0000000607400000, 0x0000000607400000, 0x0000000607800000|  0%| F|  |TAMS 0x0000000607400000, 0x0000000607400000| Untracked 
|  20|0x0000000607800000, 0x0000000607800000, 0x0000000607c00000|  0%| F|  |TAMS 0x0000000607800000, 0x0000000607800000| Untracked 
|  21|0x0000000607c00000, 0x0000000607c00000, 0x0000000608000000|  0%| F|  |TAMS 0x0000000607c00000, 0x0000000607c00000| Untracked 
|  22|0x0000000608000000, 0x0000000608000000, 0x0000000608400000|  0%| F|  |TAMS 0x0000000608000000, 0x0000000608000000| Untracked 
|  23|0x0000000608400000, 0x0000000608400000, 0x0000000608800000|  0%| F|  |TAMS 0x0000000608400000, 0x0000000608400000| Untracked 
|  24|0x0000000608800000, 0x0000000608800000, 0x0000000608c00000|  0%| F|  |TAMS 0x0000000608800000, 0x0000000608800000| Untracked 
|  25|0x0000000608c00000, 0x0000000608c00000, 0x0000000609000000|  0%| F|  |TAMS 0x0000000608c00000, 0x0000000608c00000| Untracked 
|  26|0x0000000609000000, 0x0000000609000000, 0x0000000609400000|  0%| F|  |TAMS 0x0000000609000000, 0x0000000609000000| Untracked 
|  27|0x0000000609400000, 0x0000000609400000, 0x0000000609800000|  0%| F|  |TAMS 0x0000000609400000, 0x0000000609400000| Untracked 
|  28|0x0000000609800000, 0x0000000609800000, 0x0000000609c00000|  0%| F|  |TAMS 0x0000000609800000, 0x0000000609800000| Untracked 
|  29|0x0000000609c00000, 0x0000000609c00000, 0x000000060a000000|  0%| F|  |TAMS 0x0000000609c00000, 0x0000000609c00000| Untracked 
|  30|0x000000060a000000, 0x000000060a000000, 0x000000060a400000|  0%| F|  |TAMS 0x000000060a000000, 0x000000060a000000| Untracked 
|  31|0x000000060a400000, 0x000000060a400000, 0x000000060a800000|  0%| F|  |TAMS 0x000000060a400000, 0x000000060a400000| Untracked 
|  32|0x000000060a800000, 0x000000060a800000, 0x000000060ac00000|  0%| F|  |TAMS 0x000000060a800000, 0x000000060a800000| Untracked 
|  33|0x000000060ac00000, 0x000000060ac00000, 0x000000060b000000|  0%| F|  |TAMS 0x000000060ac00000, 0x000000060ac00000| Untracked 
|  34|0x000000060b000000, 0x000000060b000000, 0x000000060b400000|  0%| F|  |TAMS 0x000000060b000000, 0x000000060b000000| Untracked 
|  35|0x000000060b400000, 0x000000060b400000, 0x000000060b800000|  0%| F|  |TAMS 0x000000060b400000, 0x000000060b400000| Untracked 
|  36|0x000000060b800000, 0x000000060b800000, 0x000000060bc00000|  0%| F|  |TAMS 0x000000060b800000, 0x000000060b800000| Untracked 
|  37|0x000000060bc00000, 0x000000060bc00000, 0x000000060c000000|  0%| F|  |TAMS 0x000000060bc00000, 0x000000060bc00000| Untracked 
|  38|0x000000060c000000, 0x000000060c000000, 0x000000060c400000|  0%| F|  |TAMS 0x000000060c000000, 0x000000060c000000| Untracked 
|  39|0x000000060c400000, 0x000000060c400000, 0x000000060c800000|  0%| F|  |TAMS 0x000000060c400000, 0x000000060c400000| Untracked 
|  40|0x000000060c800000, 0x000000060c800000, 0x000000060cc00000|  0%| F|  |TAMS 0x000000060c800000, 0x000000060c800000| Untracked 
|  41|0x000000060cc00000, 0x000000060cc00000, 0x000000060d000000|  0%| F|  |TAMS 0x000000060cc00000, 0x000000060cc00000| Untracked 
|  42|0x000000060d000000, 0x000000060d000000, 0x000000060d400000|  0%| F|  |TAMS 0x000000060d000000, 0x000000060d000000| Untracked 
|  43|0x000000060d400000, 0x000000060d400000, 0x000000060d800000|  0%| F|  |TAMS 0x000000060d400000, 0x000000060d400000| Untracked 
|  44|0x000000060d800000, 0x000000060d800000, 0x000000060dc00000|  0%| F|  |TAMS 0x000000060d800000, 0x000000060d800000| Untracked 
|  45|0x000000060dc00000, 0x000000060dc00000, 0x000000060e000000|  0%| F|  |TAMS 0x000000060dc00000, 0x000000060dc00000| Untracked 
|  46|0x000000060e000000, 0x000000060e000000, 0x000000060e400000|  0%| F|  |TAMS 0x000000060e000000, 0x000000060e000000| Untracked 
|  47|0x000000060e400000, 0x000000060e400000, 0x000000060e800000|  0%| F|  |TAMS 0x000000060e400000, 0x000000060e400000| Untracked 
|  48|0x000000060e800000, 0x000000060e800000, 0x000000060ec00000|  0%| F|  |TAMS 0x000000060e800000, 0x000000060e800000| Untracked 
|  49|0x000000060ec00000, 0x000000060ec00000, 0x000000060f000000|  0%| F|  |TAMS 0x000000060ec00000, 0x000000060ec00000| Untracked 
|  50|0x000000060f000000, 0x000000060f000000, 0x000000060f400000|  0%| F|  |TAMS 0x000000060f000000, 0x000000060f000000| Untracked 
|  51|0x000000060f400000, 0x000000060f400000, 0x000000060f800000|  0%| F|  |TAMS 0x000000060f400000, 0x000000060f400000| Untracked 
|  52|0x000000060f800000, 0x000000060f800000, 0x000000060fc00000|  0%| F|  |TAMS 0x000000060f800000, 0x000000060f800000| Untracked 
|  53|0x000000060fc00000, 0x000000060fc00000, 0x0000000610000000|  0%| F|  |TAMS 0x000000060fc00000, 0x000000060fc00000| Untracked 
|  54|0x0000000610000000, 0x0000000610000000, 0x0000000610400000|  0%| F|  |TAMS 0x0000000610000000, 0x0000000610000000| Untracked 
|  55|0x0000000610400000, 0x0000000610400000, 0x0000000610800000|  0%| F|  |TAMS 0x0000000610400000, 0x0000000610400000| Untracked 
|  56|0x0000000610800000, 0x0000000610800000, 0x0000000610c00000|  0%| F|  |TAMS 0x0000000610800000, 0x0000000610800000| Untracked 
|  57|0x0000000610c00000, 0x0000000610c00000, 0x0000000611000000|  0%| F|  |TAMS 0x0000000610c00000, 0x0000000610c00000| Untracked 
|  58|0x0000000611000000, 0x0000000611000000, 0x0000000611400000|  0%| F|  |TAMS 0x0000000611000000, 0x0000000611000000| Untracked 
|  59|0x0000000611400000, 0x0000000611400000, 0x0000000611800000|  0%| F|  |TAMS 0x0000000611400000, 0x0000000611400000| Untracked 
|  60|0x0000000611800000, 0x0000000611800000, 0x0000000611c00000|  0%| F|  |TAMS 0x0000000611800000, 0x0000000611800000| Untracked 
|  61|0x0000000611c00000, 0x0000000611c00000, 0x0000000612000000|  0%| F|  |TAMS 0x0000000611c00000, 0x0000000611c00000| Untracked 
|  62|0x0000000612000000, 0x0000000612000000, 0x0000000612400000|  0%| F|  |TAMS 0x0000000612000000, 0x0000000612000000| Untracked 
|  63|0x0000000612400000, 0x0000000612400000, 0x0000000612800000|  0%| F|  |TAMS 0x0000000612400000, 0x0000000612400000| Untracked 
|  64|0x0000000612800000, 0x0000000612800000, 0x0000000612c00000|  0%| F|  |TAMS 0x0000000612800000, 0x0000000612800000| Untracked 
|  65|0x0000000612c00000, 0x0000000612c00000, 0x0000000613000000|  0%| F|  |TAMS 0x0000000612c00000, 0x0000000612c00000| Untracked 
|  66|0x0000000613000000, 0x0000000613000000, 0x0000000613400000|  0%| F|  |TAMS 0x0000000613000000, 0x0000000613000000| Untracked 
|  67|0x0000000613400000, 0x0000000613400000, 0x0000000613800000|  0%| F|  |TAMS 0x0000000613400000, 0x0000000613400000| Untracked 
|  68|0x0000000613800000, 0x0000000613800000, 0x0000000613c00000|  0%| F|  |TAMS 0x0000000613800000, 0x0000000613800000| Untracked 
|  69|0x0000000613c00000, 0x0000000613c00000, 0x0000000614000000|  0%| F|  |TAMS 0x0000000613c00000, 0x0000000613c00000| Untracked 
|  70|0x0000000614000000, 0x0000000614000000, 0x0000000614400000|  0%| F|  |TAMS 0x0000000614000000, 0x0000000614000000| Untracked 
|  71|0x0000000614400000, 0x0000000614400000, 0x0000000614800000|  0%| F|  |TAMS 0x0000000614400000, 0x0000000614400000| Untracked 
|  72|0x0000000614800000, 0x0000000614800000, 0x0000000614c00000|  0%| F|  |TAMS 0x0000000614800000, 0x0000000614800000| Untracked 
|  73|0x0000000614c00000, 0x0000000614c00000, 0x0000000615000000|  0%| F|  |TAMS 0x0000000614c00000, 0x0000000614c00000| Untracked 
|  74|0x0000000615000000, 0x0000000615000000, 0x0000000615400000|  0%| F|  |TAMS 0x0000000615000000, 0x0000000615000000| Untracked 
|  75|0x0000000615400000, 0x0000000615400000, 0x0000000615800000|  0%| F|  |TAMS 0x0000000615400000, 0x0000000615400000| Untracked 
|  76|0x0000000615800000, 0x0000000615800000, 0x0000000615c00000|  0%| F|  |TAMS 0x0000000615800000, 0x0000000615800000| Untracked 
|  77|0x0000000615c00000, 0x0000000615c00000, 0x0000000616000000|  0%| F|  |TAMS 0x0000000615c00000, 0x0000000615c00000| Untracked 
|  78|0x0000000616000000, 0x0000000616000000, 0x0000000616400000|  0%| F|  |TAMS 0x0000000616000000, 0x0000000616000000| Untracked 
|  79|0x0000000616400000, 0x0000000616400000, 0x0000000616800000|  0%| F|  |TAMS 0x0000000616400000, 0x0000000616400000| Untracked 
|  80|0x0000000616800000, 0x0000000616800000, 0x0000000616c00000|  0%| F|  |TAMS 0x0000000616800000, 0x0000000616800000| Untracked 
|  81|0x0000000616c00000, 0x0000000616c00000, 0x0000000617000000|  0%| F|  |TAMS 0x0000000616c00000, 0x0000000616c00000| Untracked 
|  82|0x0000000617000000, 0x0000000617000000, 0x0000000617400000|  0%| F|  |TAMS 0x0000000617000000, 0x0000000617000000| Untracked 
|  83|0x0000000617400000, 0x0000000617400000, 0x0000000617800000|  0%| F|  |TAMS 0x0000000617400000, 0x0000000617400000| Untracked 
|  84|0x0000000617800000, 0x0000000617800000, 0x0000000617c00000|  0%| F|  |TAMS 0x0000000617800000, 0x0000000617800000| Untracked 
|  85|0x0000000617c00000, 0x0000000617c00000, 0x0000000618000000|  0%| F|  |TAMS 0x0000000617c00000, 0x0000000617c00000| Untracked 
|  86|0x0000000618000000, 0x0000000618000000, 0x0000000618400000|  0%| F|  |TAMS 0x0000000618000000, 0x0000000618000000| Untracked 
|  87|0x0000000618400000, 0x0000000618400000, 0x0000000618800000|  0%| F|  |TAMS 0x0000000618400000, 0x0000000618400000| Untracked 
|  88|0x0000000618800000, 0x0000000618800000, 0x0000000618c00000|  0%| F|  |TAMS 0x0000000618800000, 0x0000000618800000| Untracked 
|  89|0x0000000618c00000, 0x0000000618c00000, 0x0000000619000000|  0%| F|  |TAMS 0x0000000618c00000, 0x0000000618c00000| Untracked 
|  90|0x0000000619000000, 0x0000000619000000, 0x0000000619400000|  0%| F|  |TAMS 0x0000000619000000, 0x0000000619000000| Untracked 
|  91|0x0000000619400000, 0x0000000619400000, 0x0000000619800000|  0%| F|  |TAMS 0x0000000619400000, 0x0000000619400000| Untracked 
|  92|0x0000000619800000, 0x0000000619800000, 0x0000000619c00000|  0%| F|  |TAMS 0x0000000619800000, 0x0000000619800000| Untracked 
|  93|0x0000000619c00000, 0x0000000619c00000, 0x000000061a000000|  0%| F|  |TAMS 0x0000000619c00000, 0x0000000619c00000| Untracked 
|  94|0x000000061a000000, 0x000000061a000000, 0x000000061a400000|  0%| F|  |TAMS 0x000000061a000000, 0x000000061a000000| Untracked 
|  95|0x000000061a400000, 0x000000061a400000, 0x000000061a800000|  0%| F|  |TAMS 0x000000061a400000, 0x000000061a400000| Untracked 
|  96|0x000000061a800000, 0x000000061a800000, 0x000000061ac00000|  0%| F|  |TAMS 0x000000061a800000, 0x000000061a800000| Untracked 
|  97|0x000000061ac00000, 0x000000061ac00000, 0x000000061b000000|  0%| F|  |TAMS 0x000000061ac00000, 0x000000061ac00000| Untracked 
|  98|0x000000061b000000, 0x000000061b000000, 0x000000061b400000|  0%| F|  |TAMS 0x000000061b000000, 0x000000061b000000| Untracked 
|  99|0x000000061b400000, 0x000000061b400000, 0x000000061b800000|  0%| F|  |TAMS 0x000000061b400000, 0x000000061b400000| Untracked 
| 100|0x000000061b800000, 0x000000061bb8f570, 0x000000061bc00000| 88%| E|  |TAMS 0x000000061b800000, 0x000000061b800000| Complete 
| 101|0x000000061bc00000, 0x000000061c000000, 0x000000061c000000|100%| E|CS|TAMS 0x000000061bc00000, 0x000000061bc00000| Complete 
| 102|0x000000061c000000, 0x000000061c400000, 0x000000061c400000|100%| E|CS|TAMS 0x000000061c000000, 0x000000061c000000| Complete 
| 103|0x000000061c400000, 0x000000061c800000, 0x000000061c800000|100%| E|CS|TAMS 0x000000061c400000, 0x000000061c400000| Complete 
| 104|0x000000061c800000, 0x000000061cc00000, 0x000000061cc00000|100%| E|CS|TAMS 0x000000061c800000, 0x000000061c800000| Complete 
| 105|0x000000061cc00000, 0x000000061d000000, 0x000000061d000000|100%| E|CS|TAMS 0x000000061cc00000, 0x000000061cc00000| Complete 
| 106|0x000000061d000000, 0x000000061d400000, 0x000000061d400000|100%| E|CS|TAMS 0x000000061d000000, 0x000000061d000000| Complete 
| 107|0x000000061d400000, 0x000000061d800000, 0x000000061d800000|100%| E|CS|TAMS 0x000000061d400000, 0x000000061d400000| Complete 
| 108|0x000000061d800000, 0x000000061dc00000, 0x000000061dc00000|100%| E|CS|TAMS 0x000000061d800000, 0x000000061d800000| Complete 
| 109|0x000000061dc00000, 0x000000061e000000, 0x000000061e000000|100%| E|CS|TAMS 0x000000061dc00000, 0x000000061dc00000| Complete 
| 110|0x000000061e000000, 0x000000061e400000, 0x000000061e400000|100%| S|CS|TAMS 0x000000061e000000, 0x000000061e000000| Complete 
| 111|0x000000061e400000, 0x000000061e800000, 0x000000061e800000|100%| S|CS|TAMS 0x000000061e400000, 0x000000061e400000| Complete 
| 112|0x000000061e800000, 0x000000061ec00000, 0x000000061ec00000|100%| E|CS|TAMS 0x000000061e800000, 0x000000061e800000| Complete 
| 113|0x000000061ec00000, 0x000000061f000000, 0x000000061f000000|100%| E|CS|TAMS 0x000000061ec00000, 0x000000061ec00000| Complete 
| 114|0x000000061f000000, 0x000000061f400000, 0x000000061f400000|100%| E|CS|TAMS 0x000000061f000000, 0x000000061f000000| Complete 
| 115|0x000000061f400000, 0x000000061f800000, 0x000000061f800000|100%| E|CS|TAMS 0x000000061f400000, 0x000000061f400000| Complete 
| 116|0x000000061f800000, 0x000000061fc00000, 0x000000061fc00000|100%| E|CS|TAMS 0x000000061f800000, 0x000000061f800000| Complete 
| 117|0x000000061fc00000, 0x0000000620000000, 0x0000000620000000|100%| E|CS|TAMS 0x000000061fc00000, 0x000000061fc00000| Complete 
| 118|0x0000000620000000, 0x0000000620400000, 0x0000000620400000|100%| E|CS|TAMS 0x0000000620000000, 0x0000000620000000| Complete 
| 119|0x0000000620400000, 0x0000000620800000, 0x0000000620800000|100%| E|CS|TAMS 0x0000000620400000, 0x0000000620400000| Complete 
| 120|0x0000000620800000, 0x0000000620c00000, 0x0000000620c00000|100%| E|CS|TAMS 0x0000000620800000, 0x0000000620800000| Complete 
| 121|0x0000000620c00000, 0x0000000621000000, 0x0000000621000000|100%| E|CS|TAMS 0x0000000620c00000, 0x0000000620c00000| Complete 
| 122|0x0000000621000000, 0x0000000621400000, 0x0000000621400000|100%| E|CS|TAMS 0x0000000621000000, 0x0000000621000000| Complete 
| 123|0x0000000621400000, 0x0000000621800000, 0x0000000621800000|100%| E|CS|TAMS 0x0000000621400000, 0x0000000621400000| Complete 
| 124|0x0000000621800000, 0x0000000621c00000, 0x0000000621c00000|100%| E|CS|TAMS 0x0000000621800000, 0x0000000621800000| Complete 
| 125|0x0000000621c00000, 0x0000000622000000, 0x0000000622000000|100%| E|CS|TAMS 0x0000000621c00000, 0x0000000621c00000| Complete 
| 126|0x0000000622000000, 0x0000000622400000, 0x0000000622400000|100%| E|CS|TAMS 0x0000000622000000, 0x0000000622000000| Complete 
| 127|0x0000000622400000, 0x0000000622800000, 0x0000000622800000|100%| E|CS|TAMS 0x0000000622400000, 0x0000000622400000| Complete 

Card table byte_map: [0x0000022f2b680000,0x0000022f2c670000] _byte_map_base: 0x0000022f2866c000

Marking Bits (Prev, Next): (CMBitMap*) 0x0000022f1fb85bd0, (CMBitMap*) 0x0000022f1fb85c10
 Prev Bits: [0x0000022f2d660000, 0x0000022f355c0000)
 Next Bits: [0x0000022f355c0000, 0x0000022f3d520000)

Polling page: 0x0000022f1da30000

Metaspace:

Usage:
  Non-class:     14.78 MB used.
      Class:      2.40 MB used.
       Both:     17.18 MB used.

Virtual space:
  Non-class space:       16.00 MB reserved,      15.00 MB ( 94%) committed,  2 nodes.
      Class space:        1.00 GB reserved,       2.62 MB ( <1%) committed,  1 nodes.
             Both:        1.02 GB reserved,      17.62 MB (  2%) committed. 

Chunk freelists:
   Non-Class:  416.00 KB
       Class:  1.39 MB
        Both:  1.80 MB

MaxMetaspaceSize: unlimited
CompressedClassSpaceSize: 1.00 GB
Initial GC threshold: 21.00 MB
Current GC threshold: 21.00 MB
CDS: on
MetaspaceReclaimPolicy: balanced
 - commit_granule_bytes: 65536.
 - commit_granule_words: 8192.
 - virtual_space_node_default_size: 1048576.
 - enlarge_chunks_in_place: 1.
 - new_chunks_are_fully_committed: 0.
 - uncommit_free_chunks: 1.
 - use_allocation_guard: 0.
 - handle_deallocations: 1.


Internal statistics:

num_allocs_failed_limit: 0.
num_arena_births: 526.
num_arena_deaths: 0.
num_vsnodes_births: 3.
num_vsnodes_deaths: 0.
num_space_committed: 282.
num_space_uncommitted: 0.
num_chunks_returned_to_freelist: 0.
num_chunks_taken_from_freelist: 1309.
num_chunk_merges: 0.
num_chunk_splits: 796.
num_chunks_enlarged: 467.
num_purges: 0.
num_inconsistent_stats: 0.

CodeCache: size=49152Kb used=8576Kb max_used=8576Kb free=40575Kb
 bounds [0x0000022f27360000, 0x0000022f27bd0000, 0x0000022f2a360000]
 total_blobs=3841 nmethods=3344 adapters=421
 compilation: enabled
              stopped_count=0, restarted_count=0
 full_count=0

Compilation events (20 events):
Event: 1.533 Thread 0x0000022f4038a2a0 nmethod 3228 0x0000022f27b76590 code [0x0000022f27b76740, 0x0000022f27b768b8]
Event: 1.533 Thread 0x0000022f4038a2a0 3238  s    1       java.io.BufferedInputStream::read (49 bytes)
Event: 1.534 Thread 0x0000022f40383cc0 nmethod 3227 0x0000022f27b76a10 code [0x0000022f27b76c80, 0x0000022f27b77298]
Event: 1.534 Thread 0x0000022f40383cc0 3237       1       java.util.StringTokenizer::skipDelimiters (116 bytes)
Event: 1.534 Thread 0x0000022f4038a2a0 nmethod 3238 0x0000022f27b77410 code [0x0000022f27b775e0, 0x0000022f27b778f8]
Event: 1.534 Thread 0x0000022f40291ec0 nmethod 3224 0x0000022f27b77a90 code [0x0000022f27b77ce0, 0x0000022f27b78348]
Event: 1.534 Thread 0x0000022f4038a2a0 3229       1       io.quarkus.gizmo.BytecodeCreatorImpl::loadClass (151 bytes)
Event: 1.534 Thread 0x0000022f40291ec0 3231       1       io.quarkus.gizmo.BytecodeCreatorImpl::loadClassFromTCCL (7 bytes)
Event: 1.534 Thread 0x0000022f40291ec0 nmethod 3231 0x0000022f27b78810 code [0x0000022f27b789a0, 0x0000022f27b78aa8]
Event: 1.534 Thread 0x0000022f40291ec0 3225       1       io.quarkus.gizmo.BytecodeCreatorImpl::load (15 bytes)
Event: 1.534 Thread 0x0000022f40291ec0 nmethod 3225 0x0000022f27b78b10 code [0x0000022f27b78cc0, 0x0000022f27b78e48]
Event: 1.534 Thread 0x0000022f40291ec0 3241       1       io.quarkus.gizmo.BytecodeCreatorImpl::writeInteriorOperations (38 bytes)
Event: 1.534 Thread 0x0000022f40291ec0 nmethod 3241 0x0000022f27b78f10 code [0x0000022f27b790e0, 0x0000022f27b792b8]
Event: 1.534 Thread 0x0000022f40291ec0 3239       1       java.util.StringTokenizer::hasMoreTokens (29 bytes)
Event: 1.534 Thread 0x0000022f40291ec0 nmethod 3239 0x0000022f27b79410 code [0x0000022f27b795a0, 0x0000022f27b796a8]
Event: 1.534 Thread 0x0000022f40291ec0 3240       1       java.util.StringTokenizer::nextToken (92 bytes)
Event: 1.535 Thread 0x0000022f40383cc0 nmethod 3237 0x0000022f27b79710 code [0x0000022f27b79920, 0x0000022f27b79e08]
Event: 1.535 Thread 0x0000022f40383cc0 3232       1       io.quarkus.gizmo.BytecodeCreatorImpl$10::<init> (26 bytes)
Event: 1.535 Thread 0x0000022f40291ec0 nmethod 3240 0x0000022f27b7a510 code [0x0000022f27b7a6e0, 0x0000022f27b7a918]
Event: 1.535 Thread 0x0000022f40291ec0 3234       1       io.quarkus.gizmo.BytecodeCreator::writeArrayValue (16 bytes)

GC Heap History (8 events):
Event: 0.398 GC heap before
{Heap before GC invocations=0 (full 0):
 garbage-first heap   total 524288K, used 20480K [0x0000000602800000, 0x0000000800000000)
  region size 4096K, 6 young (24576K), 0 survivors (0K)
 Metaspace       used 3504K, committed 3712K, reserved 1056768K
  class space    used 403K, committed 512K, reserved 1048576K
}
Event: 0.403 GC heap after
{Heap after GC invocations=1 (full 0):
 garbage-first heap   total 524288K, used 12352K [0x0000000602800000, 0x0000000800000000)
  region size 4096K, 1 young (4096K), 1 survivors (4096K)
 Metaspace       used 3504K, committed 3712K, reserved 1056768K
  class space    used 403K, committed 512K, reserved 1048576K
}
Event: 0.530 GC heap before
{Heap before GC invocations=1 (full 0):
 garbage-first heap   total 524288K, used 32832K [0x0000000602800000, 0x0000000800000000)
  region size 4096K, 6 young (24576K), 1 survivors (4096K)
 Metaspace       used 3727K, committed 3968K, reserved 1056768K
  class space    used 447K, committed 576K, reserved 1048576K
}
Event: 0.534 GC heap after
{Heap after GC invocations=2 (full 0):
 garbage-first heap   total 524288K, used 19347K [0x0000000602800000, 0x0000000800000000)
  region size 4096K, 1 young (4096K), 1 survivors (4096K)
 Metaspace       used 3727K, committed 3968K, reserved 1056768K
  class space    used 447K, committed 576K, reserved 1048576K
}
Event: 0.655 GC heap before
{Heap before GC invocations=2 (full 0):
 garbage-first heap   total 524288K, used 48019K [0x0000000602800000, 0x0000000800000000)
  region size 4096K, 8 young (32768K), 1 survivors (4096K)
 Metaspace       used 3941K, committed 4160K, reserved 1056768K
  class space    used 478K, committed 576K, reserved 1048576K
}
Event: 0.661 GC heap after
{Heap after GC invocations=3 (full 0):
 garbage-first heap   total 524288K, used 27110K [0x0000000602800000, 0x0000000800000000)
  region size 4096K, 1 young (4096K), 1 survivors (4096K)
 Metaspace       used 3941K, committed 4160K, reserved 1056768K
  class space    used 478K, committed 576K, reserved 1048576K
}
Event: 1.300 GC heap before
{Heap before GC invocations=3 (full 0):
 garbage-first heap   total 524288K, used 88550K [0x0000000602800000, 0x0000000800000000)
  region size 4096K, 16 young (65536K), 1 survivors (4096K)
 Metaspace       used 11967K, committed 12288K, reserved 1064960K
  class space    used 1569K, committed 1728K, reserved 1048576K
}
Event: 1.305 GC heap after
{Heap after GC invocations=4 (full 0):
 garbage-first heap   total 524288K, used 31859K [0x0000000602800000, 0x0000000800000000)
  region size 4096K, 2 young (8192K), 2 survivors (8192K)
 Metaspace       used 11967K, committed 12288K, reserved 1064960K
  class space    used 1569K, committed 1728K, reserved 1048576K
}

Deoptimization events (20 events):
Event: 1.415 Thread 0x0000022f42bc55e0 DEOPT PACKING pc=0x0000022f277ac14c sp=0x000000b0898fe540
Event: 1.415 Thread 0x0000022f42bc55e0 DEOPT UNPACKING pc=0x0000022f273b2b43 sp=0x000000b0898fda88 mode 1
Event: 1.416 Thread 0x0000022f42bc55e0 DEOPT PACKING pc=0x0000022f2785a334 sp=0x000000b0898fe790
Event: 1.416 Thread 0x0000022f42bc55e0 DEOPT UNPACKING pc=0x0000022f273b2b43 sp=0x000000b0898fdcb0 mode 1
Event: 1.416 Thread 0x0000022f42bc55e0 DEOPT PACKING pc=0x0000022f277ac8c4 sp=0x000000b0898fe3a0
Event: 1.416 Thread 0x0000022f42bc55e0 DEOPT UNPACKING pc=0x0000022f273b2b43 sp=0x000000b0898fd860 mode 1
Event: 1.416 Thread 0x0000022f42bc55e0 DEOPT PACKING pc=0x0000022f277afacc sp=0x000000b0898fe450
Event: 1.416 Thread 0x0000022f42bc55e0 DEOPT UNPACKING pc=0x0000022f273b2b43 sp=0x000000b0898fd938 mode 1
Event: 1.416 Thread 0x0000022f42bc55e0 DEOPT PACKING pc=0x0000022f277ac14c sp=0x000000b0898fe540
Event: 1.416 Thread 0x0000022f42bc55e0 DEOPT UNPACKING pc=0x0000022f273b2b43 sp=0x000000b0898fda88 mode 1
Event: 1.416 Thread 0x0000022f42bc55e0 DEOPT PACKING pc=0x0000022f2785a334 sp=0x000000b0898fe790
Event: 1.416 Thread 0x0000022f42bc55e0 DEOPT UNPACKING pc=0x0000022f273b2b43 sp=0x000000b0898fdcb0 mode 1
Event: 1.416 Thread 0x0000022f42bc55e0 DEOPT PACKING pc=0x0000022f277ac8c4 sp=0x000000b0898fe3a0
Event: 1.416 Thread 0x0000022f42bc55e0 DEOPT UNPACKING pc=0x0000022f273b2b43 sp=0x000000b0898fd860 mode 1
Event: 1.417 Thread 0x0000022f42bc55e0 DEOPT PACKING pc=0x0000022f277afacc sp=0x000000b0898fe450
Event: 1.417 Thread 0x0000022f42bc55e0 DEOPT UNPACKING pc=0x0000022f273b2b43 sp=0x000000b0898fd938 mode 1
Event: 1.417 Thread 0x0000022f42bc55e0 DEOPT PACKING pc=0x0000022f277ac14c sp=0x000000b0898fe540
Event: 1.417 Thread 0x0000022f42bc55e0 DEOPT UNPACKING pc=0x0000022f273b2b43 sp=0x000000b0898fda88 mode 1
Event: 1.417 Thread 0x0000022f42bc55e0 DEOPT PACKING pc=0x0000022f2785a334 sp=0x000000b0898fe790
Event: 1.417 Thread 0x0000022f42bc55e0 DEOPT UNPACKING pc=0x0000022f273b2b43 sp=0x000000b0898fdcb0 mode 1

Classes unloaded (0 events):
No events

Classes redefined (0 events):
No events

Internal exceptions (20 events):
Event: 1.397 Thread 0x0000022f42bc55e0 Exception <a 'sun/nio/fs/WindowsException'{0x0000000620546be0}> (0x0000000620546be0) 
thrown [s\open\src\hotspot\share\prims\jni.cpp, line 516]
Event: 1.397 Thread 0x0000022f42bc55e0 Exception <a 'sun/nio/fs/WindowsException'{0x0000000620547468}> (0x0000000620547468) 
thrown [s\open\src\hotspot\share\prims\jni.cpp, line 516]
Event: 1.403 Thread 0x0000022f42bc55e0 Exception <a 'sun/nio/fs/WindowsException'{0x0000000620547678}> (0x0000000620547678) 
thrown [s\open\src\hotspot\share\prims\jni.cpp, line 516]
Event: 1.405 Thread 0x0000022f42bc55e0 Exception <a 'sun/nio/fs/WindowsException'{0x0000000620547ea0}> (0x0000000620547ea0) 
thrown [s\open\src\hotspot\share\prims\jni.cpp, line 516]
Event: 1.406 Thread 0x0000022f42bc5ab0 Exception <a 'java/lang/NoSuchMethodError'{0x00000006207a9d68}: 'void java.lang.invoke.DirectMethodHandle$Holder.invokeStatic(java.lang.Object, java.lang.Object, java.lang.Object, java.lang.Object)'> (0x00000006207a9d68) 
thrown [s\open\src\hotspot\share\interpreter\linkResolver.cpp, line 759]
Event: 1.408 Thread 0x0000022f42bc55e0 Exception <a 'sun/nio/fs/WindowsException'{0x00000006205480a0}> (0x00000006205480a0) 
thrown [s\open\src\hotspot\share\prims\jni.cpp, line 516]
Event: 1.409 Thread 0x0000022f42bc55e0 Exception <a 'sun/nio/fs/WindowsException'{0x0000000620548970}> (0x0000000620548970) 
thrown [s\open\src\hotspot\share\prims\jni.cpp, line 516]
Event: 1.412 Thread 0x0000022f42bc55e0 Exception <a 'sun/nio/fs/WindowsException'{0x0000000620548bd0}> (0x0000000620548bd0) 
thrown [s\open\src\hotspot\share\prims\jni.cpp, line 516]
Event: 1.413 Thread 0x0000022f42bc55e0 Exception <a 'sun/nio/fs/WindowsException'{0x0000000620549500}> (0x0000000620549500) 
thrown [s\open\src\hotspot\share\prims\jni.cpp, line 516]
Event: 1.415 Thread 0x0000022f42bc55e0 Exception <a 'sun/nio/fs/WindowsException'{0x0000000620549720}> (0x0000000620549720) 
thrown [s\open\src\hotspot\share\prims\jni.cpp, line 516]
Event: 1.415 Thread 0x0000022f42bc55e0 Exception <a 'sun/nio/fs/WindowsException'{0x0000000620549f48}> (0x0000000620549f48) 
thrown [s\open\src\hotspot\share\prims\jni.cpp, line 516]
Event: 1.416 Thread 0x0000022f42bc55e0 Exception <a 'sun/nio/fs/WindowsException'{0x000000062054a148}> (0x000000062054a148) 
thrown [s\open\src\hotspot\share\prims\jni.cpp, line 516]
Event: 1.416 Thread 0x0000022f42bc55e0 Exception <a 'sun/nio/fs/WindowsException'{0x000000062054a960}> (0x000000062054a960) 
thrown [s\open\src\hotspot\share\prims\jni.cpp, line 516]
Event: 1.416 Thread 0x0000022f42bc55e0 Exception <a 'sun/nio/fs/WindowsException'{0x000000062054ab08}> (0x000000062054ab08) 
thrown [s\open\src\hotspot\share\prims\jni.cpp, line 516]
Event: 1.416 Thread 0x0000022f42bc55e0 Exception <a 'sun/nio/fs/WindowsException'{0x000000062054b3c8}> (0x000000062054b3c8) 
thrown [s\open\src\hotspot\share\prims\jni.cpp, line 516]
Event: 1.417 Thread 0x0000022f42bc55e0 Exception <a 'sun/nio/fs/WindowsException'{0x000000062054b608}> (0x000000062054b608) 
thrown [s\open\src\hotspot\share\prims\jni.cpp, line 516]
Event: 1.455 Thread 0x0000022f425978d0 Exception <a 'java/lang/NoSuchMethodError'{0x000000062224ad78}: 'void java.lang.invoke.DirectMethodHandle$Holder.invokeInterface(java.lang.Object, java.lang.Object, java.lang.Object)'> (0x000000062224ad78) 
thrown [s\open\src\hotspot\share\interpreter\linkResolver.cpp, line 759]
Event: 1.473 Thread 0x0000022f43a76bd0 Exception <a 'java/lang/NoSuchMethodError'{0x000000061f081d10}: 'void java.lang.invoke.DirectMethodHandle$Holder.invokeStatic(java.lang.Object, int, java.lang.Object)'> (0x000000061f081d10) 
thrown [s\open\src\hotspot\share\interpreter\linkResolver.cpp, line 759]
Event: 1.534 Thread 0x0000022f43a76bd0 Exception <a 'java/lang/NullPointerException'{0x000000061f12abb0}> (0x000000061f12abb0) 
thrown [s\open\src\hotspot\share\interpreter\linkResolver.cpp, line 1350]
Event: 1.535 Thread 0x0000022f43a76bd0 Exception <a 'java/lang/NoSuchFieldError'{0x000000061bd48cb0}: STDIN_FILENO> (0x000000061bd48cb0) 
thrown [s\open\src\hotspot\share\prims\jni.cpp, line 1985]

VM Operations (20 events):
Event: 1.172 Executing VM operation: HandshakeAllThreads
Event: 1.172 Executing VM operation: HandshakeAllThreads done
Event: 1.210 Executing VM operation: ICBufferFull
Event: 1.210 Executing VM operation: ICBufferFull done
Event: 1.300 Executing VM operation: G1CollectForAllocation
Event: 1.305 Executing VM operation: G1CollectForAllocation done
Event: 1.345 Executing VM operation: HandshakeAllThreads
Event: 1.345 Executing VM operation: HandshakeAllThreads done
Event: 1.392 Executing VM operation: HandshakeAllThreads
Event: 1.402 Executing VM operation: HandshakeAllThreads done
Event: 1.414 Executing VM operation: HandshakeAllThreads
Event: 1.416 Executing VM operation: HandshakeAllThreads done
Event: 1.416 Executing VM operation: HandshakeAllThreads
Event: 1.417 Executing VM operation: HandshakeAllThreads done
Event: 1.446 Executing VM operation: HandshakeAllThreads
Event: 1.453 Executing VM operation: HandshakeAllThreads done
Event: 1.467 Executing VM operation: HandshakeAllThreads
Event: 1.468 Executing VM operation: HandshakeAllThreads done
Event: 1.477 Executing VM operation: HandshakeAllThreads
Event: 1.477 Executing VM operation: HandshakeAllThreads done

Events (20 events):
Event: 1.519 loading class sun/net/InetAddressCachePolicy$1 done
Event: 1.519 loading class sun/net/InetAddressCachePolicy$2
Event: 1.519 loading class sun/net/InetAddressCachePolicy$2 done
Event: 1.519 loading class java/net/InetAddress$CachedAddresses
Event: 1.520 loading class java/net/InetAddress$CachedAddresses done
Event: 1.521 loading class java/lang/UnsatisfiedLinkError
Event: 1.521 loading class java/lang/UnsatisfiedLinkError done
Event: 1.523 loading class sun/nio/fs/WindowsLinkSupport
Event: 1.523 loading class sun/nio/fs/WindowsLinkSupport done
Event: 1.526 loading class java/util/Scanner
Event: 1.527 loading class java/util/Scanner done
Event: 1.529 Loaded shared library C:\Users\EmersonLas\.gradle\native\jansi\1.18\windows64\jansi.dll
Event: 1.529 loading class java/io/StringReader
Event: 1.530 loading class jdk/internal/loader/NativeLibraries$Unloader
Event: 1.530 loading class java/io/StringReader done
Event: 1.530 loading class jdk/internal/loader/NativeLibraries$Unloader done
Event: 1.530 loading class java/util/Scanner$PatternLRUCache
Event: 1.530 loading class java/util/Scanner$PatternLRUCache done
Event: 1.532 loading class java/nio/charset/UnsupportedCharsetException
Event: 1.532 loading class java/nio/charset/UnsupportedCharsetException done


Dynamic libraries:
0x00007ff66a7a0000 - 0x00007ff66a7b0000 	C:\Program Files\Java\jdk-17\bin\java.exe
0x00007ffa2a860000 - 0x00007ffa2aa69000 	C:\Windows\SYSTEM32\ntdll.dll
0x00007ffa298b0000 - 0x00007ffa2996e000 	C:\Windows\System32\KERNEL32.DLL
0x00007ffa27cf0000 - 0x00007ffa28074000 	C:\Windows\System32\KERNELBASE.dll
0x00007ffa28080000 - 0x00007ffa28191000 	C:\Windows\System32\ucrtbase.dll
0x00007ffa15c00000 - 0x00007ffa15c1b000 	C:\Program Files\Java\jdk-17\bin\VCRUNTIME140.dll
0x00007ffa16490000 - 0x00007ffa164a8000 	C:\Program Files\Java\jdk-17\bin\jli.dll
0x00007ffa29280000 - 0x00007ffa2932f000 	C:\Windows\System32\ADVAPI32.dll
0x00007ffa29b10000 - 0x00007ffa29bb3000 	C:\Windows\System32\msvcrt.dll
0x00007ffa29970000 - 0x00007ffa29a0e000 	C:\Windows\System32\sechost.dll
0x00007ffa28eb0000 - 0x00007ffa28fd1000 	C:\Windows\System32\RPCRT4.dll
0x00007ffa2a460000 - 0x00007ffa2a60d000 	C:\Windows\System32\USER32.dll
0x00007ff9ff8c0000 - 0x00007ff9ffb65000 	C:\Windows\WinSxS\amd64_microsoft.windows.common-controls_6595b64144ccf1df_6.0.22000.120_none_9d947278b86cc467\COMCTL32.dll
0x00007ffa281a0000 - 0x00007ffa281c6000 	C:\Windows\System32\win32u.dll
0x00007ffa29bc0000 - 0x00007ffa29bea000 	C:\Windows\System32\GDI32.dll
0x00007ffa281d0000 - 0x00007ffa282ef000 	C:\Windows\System32\gdi32full.dll
0x00007ffa28460000 - 0x00007ffa284fd000 	C:\Windows\System32\msvcp_win.dll
0x00007ffa1f5c0000 - 0x00007ffa1f5ca000 	C:\Windows\SYSTEM32\VERSION.dll
0x00007ffa291b0000 - 0x00007ffa291e1000 	C:\Windows\System32\IMM32.DLL
0x00007ffa22d00000 - 0x00007ffa22d0c000 	C:\Program Files\Java\jdk-17\bin\vcruntime140_1.dll
0x00007ff9bb370000 - 0x00007ff9bb3fe000 	C:\Program Files\Java\jdk-17\bin\msvcp140.dll
0x00007ff991050000 - 0x00007ff991c27000 	C:\Program Files\Java\jdk-17\bin\server\jvm.dll
0x00007ffa29b00000 - 0x00007ffa29b08000 	C:\Windows\System32\PSAPI.DLL
0x00007ffa229b0000 - 0x00007ffa229e3000 	C:\Windows\SYSTEM32\WINMM.dll
0x00007ff983760000 - 0x00007ff983769000 	C:\Windows\SYSTEM32\WSOCK32.dll
0x00007ffa2a690000 - 0x00007ffa2a6ff000 	C:\Windows\System32\WS2_32.dll
0x00007ffa26d20000 - 0x00007ffa26d38000 	C:\Windows\SYSTEM32\kernel.appcore.dll
0x00007ffa17cf0000 - 0x00007ffa17cfa000 	C:\Program Files\Java\jdk-17\bin\jimage.dll
0x00007ffa139d0000 - 0x00007ffa13bf1000 	C:\Windows\SYSTEM32\DBGHELP.DLL
0x00007ffa14960000 - 0x00007ffa14991000 	C:\Windows\SYSTEM32\dbgcore.DLL
0x00007ffa28500000 - 0x00007ffa2857f000 	C:\Windows\System32\bcryptPrimitives.dll
0x00007ff9f1dd0000 - 0x00007ff9f1dde000 	C:\Program Files\Java\jdk-17\bin\instrument.dll
0x00007ff9f3310000 - 0x00007ff9f3335000 	C:\Program Files\Java\jdk-17\bin\java.dll
0x00007ffa14b50000 - 0x00007ffa14b8b000 	C:\Program Files\Java\jdk-17\bin\jdwp.dll
0x00007ff9bac10000 - 0x00007ff9bace7000 	C:\Program Files\Java\jdk-17\bin\jsvml.dll
0x00007ffa286c0000 - 0x00007ffa28e85000 	C:\Windows\System32\SHELL32.dll
0x00007ffa25d80000 - 0x00007ffa265e2000 	C:\Windows\SYSTEM32\windows.storage.dll
0x00007ffa29330000 - 0x00007ffa296a6000 	C:\Windows\System32\combase.dll
0x00007ffa25c10000 - 0x00007ffa25d77000 	C:\Windows\SYSTEM32\wintypes.dll
0x00007ffa29040000 - 0x00007ffa2912a000 	C:\Windows\System32\SHCORE.dll
0x00007ffa29bf0000 - 0x00007ffa29c4d000 	C:\Windows\System32\shlwapi.dll
0x00007ffa27c20000 - 0x00007ffa27c45000 	C:\Windows\SYSTEM32\profapi.dll
0x00007ff9f68d0000 - 0x00007ff9f68e8000 	C:\Program Files\Java\jdk-17\bin\zip.dll
0x00007ffa15440000 - 0x00007ffa15459000 	C:\Program Files\Java\jdk-17\bin\net.dll
0x00007ffa22be0000 - 0x00007ffa22cf4000 	C:\Windows\SYSTEM32\WINHTTP.dll
0x00007ffa27230000 - 0x00007ffa27297000 	C:\Windows\system32\mswsock.dll
0x00007ffa153f0000 - 0x00007ffa15406000 	C:\Program Files\Java\jdk-17\bin\nio.dll
0x00007ffa24630000 - 0x00007ffa2463c000 	C:\Program Files\Java\jdk-17\bin\dt_socket.dll
0x00007ffa26840000 - 0x00007ffa2686d000 	C:\Windows\SYSTEM32\IPHLPAPI.DLL
0x00007ffa26870000 - 0x00007ffa26957000 	C:\Windows\SYSTEM32\DNSAPI.dll
0x00007ffa286b0000 - 0x00007ffa286b9000 	C:\Windows\System32\NSI.dll
0x00007ffa216f0000 - 0x00007ffa216fa000 	C:\Windows\System32\rasadhlp.dll
0x00007ffa21ba0000 - 0x00007ffa21c22000 	C:\Windows\System32\fwpuclnt.dll
0x00007ffa16530000 - 0x00007ffa1653a000 	C:\Program Files\Java\jdk-17\bin\management.dll
0x00007ffa152e0000 - 0x00007ffa152eb000 	C:\Program Files\Java\jdk-17\bin\management_ext.dll
0x00007ff9f3c20000 - 0x00007ff9f3c30000 	C:\Program Files\Java\jdk-17\bin\verify.dll
0x00007ffa17d20000 - 0x00007ffa17d2a000 	C:\Users\EmersonLas\.gradle\native\jansi\1.18\windows64\jansi.dll

dbghelp: loaded successfully - version: 4.0.5 - missing functions: none
symbol engine: initialized successfully - sym options: 0x614 - pdb path: .;C:\Program Files\Java\jdk-17\bin;C:\Windows\SYSTEM32;C:\Windows\WinSxS\amd64_microsoft.windows.common-controls_6595b64144ccf1df_6.0.22000.120_none_9d947278b86cc467;C:\Program Files\Java\jdk-17\bin\server;C:\Users\EmersonLas\.gradle\native\jansi\1.18\windows64

VM Arguments:
jvm_args: -javaagent:C:\Users\EmersonLas\.gradle\caches\modules-2\files-2.1\io.quarkus\quarkus-class-change-agent\3.3.0\1e91ef2754800bfc0b0e76b90ab79a46ac498084\quarkus-class-change-agent-3.3.0.jar -Dquarkus-internal.serialized-app-model.path=D:\projetos\projetos-java\18\condutores\build\tmp\quarkusDev\quarkus-app-model.dat -Dquarkus-internal-test.serialized-app-model.path=D:\projetos\projetos-java\18\condutores\build\tmp\quarkusDev\quarkus-app-test-model.dat -XX:TieredStopAtLevel=1 -agentlib:jdwp=transport=dt_socket,address=localhost:5005,server=y,suspend=n -Djava.util.logging.manager=org.jboss.logmanager.LogManager 
java_command: D:\projetos\projetos-java\18\condutores\build\condutores-dev.jar
java_class_path (initial): D:\projetos\projetos-java\18\condutores\build\condutores-dev.jar
Launcher Type: SUN_STANDARD

[Global flags]
     intx CICompilerCount                          = 4                                         {product} {ergonomic}
     uint ConcGCThreads                            = 3                                         {product} {ergonomic}
     uint G1ConcRefinementThreads                  = 10                                        {product} {ergonomic}
   size_t G1HeapRegionSize                         = 4194304                                   {product} {ergonomic}
    uintx GCDrainStackTargetSize                   = 64                                        {product} {ergonomic}
   size_t InitialHeapSize                          = 536870912                                 {product} {ergonomic}
   size_t MarkStackSize                            = 4194304                                   {product} {ergonomic}
   size_t MaxHeapSize                              = 8547991552                                {product} {ergonomic}
   size_t MaxNewSize                               = 5125439488                                {product} {ergonomic}
   size_t MinHeapDeltaBytes                        = 4194304                                   {product} {ergonomic}
   size_t MinHeapSize                              = 8388608                                   {product} {ergonomic}
    uintx NonProfiledCodeHeapSize                  = 0                                      {pd product} {ergonomic}
     bool ProfileInterpreter                       = false                                  {pd product} {command line}
    uintx ProfiledCodeHeapSize                     = 0                                      {pd product} {ergonomic}
   size_t SoftMaxHeapSize                          = 8547991552                             {manageable} {ergonomic}
     intx TieredStopAtLevel                        = 1                                         {product} {command line}
     bool UseCompressedClassPointers               = true                           {product lp64_product} {ergonomic}
     bool UseCompressedOops                        = true                           {product lp64_product} {ergonomic}
     bool UseG1GC                                  = true                                      {product} {ergonomic}
     bool UseLargePagesIndividualAllocation        = false                                  {pd product} {ergonomic}

Logging:
Log output configuration:
 #0: stdout all=warning uptime,level,tags
 #1: stderr all=off uptime,level,tags

Environment Variables:
JAVA_HOME=C:\Program Files\Java\jdk-17
CLASSPATH="C:\ProgramData\chocolatey\lib\quarkus\quarkus-cli-3.3.0"\etc;"C:\ProgramData\chocolatey\lib\quarkus\quarkus-cli-3.3.0\lib"\quarkus-cli-3.3.0-runner.jar
PATH=C:\Program Files\Microsoft\jdk-11.0.18.10-hotspot\bin;C:\Program Files\NVIDIA GPU Computing Toolkit\CUDA\v12.1\bin;C:\Program Files\NVIDIA GPU Computing Toolkit\CUDA\v12.1\libnvvp;C:\Program Files\Common Files\Oracle\Java\javapath;C:\Program Files (x86)\Common Files\Oracle\Java\javapath;C:\Windows\system32;C:\Windows;C:\Windows\System32\Wbem;C:\Windows\System32\WindowsPowerShell\v1.0\;C:\Windows\System32\OpenSSH\;C:\Program Files (x86)\AOMEI\AOMEI Backupper\7.1.1;C:\Users\EmersonLas\AppData\Roaming\nvm;C:\Program Files\dotnet\;C:\go\bin;C:\python;%JAVA_HOME%\bin;C:\Program Files\Microsoft SQL Server\150\Tools\Binn\;C:\Program Files\Microsoft SQL Server\Client SDK\ODBC\170\Tools\Binn\;C:\Program Files (x86)\Microsoft SQL Server\150\Tools\Binn\;C:\Program Files\Microsoft SQL Server\150\DTS\Binn\;C:\Program Files (x86)\Microsoft SQL Server\160\DTS\Binn\;C:\Program Files\Azure Data Studio\bin;C:\Program Files\Git\cmd;C:\Program Files\NVIDIA Corporation\Nsight Compute 2023.1.0\;C:\Program Files (x86)\NVIDIA Corporation\PhysX\Common;C:\Program Files\NVIDIA Corporation\NVIDIA NvDLISR;C:\ProgramData\chocolatey\bin;C:\Program Files\nodejs\;%LOCALAPPDATA%\Android\Sdk\platform-tools;C:\Program Files\MongoDB\Server\4.4\bin;C:\kotlinc\bin;C:\apache-maven-3.9.3-bin\bin;C:\Ruby31-x64\bin;C:\Program Files\MySQL\MySQL Shell 8.0\bin\;C:\python\Scripts\;C:\python\;C:\Users\EmersonLas\AppData\Local\Microsoft\WindowsApps;C:\Users\EmersonLas\AppData\Local\Programs\Microsoft VS Code\bin;C:\Users\EmersonLas\AppData\Local\GitHubDesktop\bin;C:\Users\EmersonLas\.dotnet\tools;C:\Users\EmersonLas\go\bin;C:\kotlinc\bin\;C:\Users\EmersonLas\AppData\Roaming\npm;C:\Users\EmersonLas\AppData\Local\Android\Sdk\emulator;C:\Users\EmersonLas\AppData\Local\Android\Sdk\tools;C:\Users\EmersonLas\AppData\Local\Android\Sdk\tools\bin;C:\Users\EmersonLas\AppData\Local\Android\Sdk\platform-tools;C:\Users\EmersonLas\AppData\Local\Yarn\bin;C:\Program Files\MongoDB\Server\6.0\bin;C:\Program Files\MongoDB\Tools\10
USERNAME=EmersonLas
OS=Windows_NT
PROCESSOR_IDENTIFIER=Intel64 Family 6 Model 158 Stepping 13, GenuineIntel



---------------  S Y S T E M  ---------------

OS:
 Windows 11 , 64 bit Build 22000 (10.0.22000.2124)
OS uptime: 1 days 21:20 hours
Hyper-V role detected

CPU: total 12 (initial active 12) (6 cores per cpu, 2 threads per core) family 6 model 158 stepping 13 microcode 0xde, cx8, cmov, fxsr, ht, mmx, 3dnowpref, sse, sse2, sse3, ssse3, sse4.1, sse4.2, popcnt, lzcnt, tsc, tscinvbit, avx, avx2, aes, erms, clmul, bmi1, bmi2, adx, fma, vzeroupper, clflush, clflushopt, hv

Memory: 4k page, system-wide physical 32605M (9148M free)
TotalPageFile size 45405M (AvailPageFile size 10727M)
current process WorkingSet (physical memory assigned to process): 195M, peak: 195M
current process commit charge ("private bytes"): 672M, peak: 672M

vm_info: Java HotSpot(TM) 64-Bit Server VM (17.0.6+9-LTS-190) for windows-amd64 JRE (17.0.6+9-LTS-190), built on Dec  6 2022 15:53:54 by "mach5one" with MS VC++ 17.1 (VS2022)

END.
